<?xml version="1.0" encoding="UTF-8"?>
<!-- Generated by org.testng.reporters.JUnitReportReporter -->
<testsuite skipped="0" hostname="swetha-PC" name="Elixir.Modules.Sravani_Program" tests="1" failures="0" timestamp="23 Jun 2018 15:48:57 GMT" time="0.012" errors="0">
  <testcase name="mytest" time="0.012" classname="Elixir.Modules.Sravani_Program"/>
</testsuite> <!-- Elixir.Modules.Sravani_Program -->
