<?xml version="1.0" encoding="UTF-8"?>
<!-- Generated by org.testng.reporters.JUnitReportReporter -->
<testsuite skipped="0" hostname="swetha-PC" name="Elixir.Modules.Elixir_Test" tests="2" failures="0" timestamp="23 Jun 2018 16:01:14 GMT" time="36.174" errors="0">
  <testcase name="phar_mgmt" time="25.837" classname="Elixir.Modules.Elixir_Test"/>
  <testcase name="login" time="10.337" classname="Elixir.Modules.Elixir_Test"/>
</testsuite> <!-- Elixir.Modules.Elixir_Test -->
